Using pre-set license
Built from '6000.0/staging' branch; Version is '6000.0.32f1 (b2e806cf271c) revision 11724806'; Using compiler version '193933523'; Build Type 'Release'
OS: 'Windows 11  (10.0.26120) 64bit CoreSingleLanguage' Language: 'en' Physical Memory: 15724 MB
BatchMode: 1, IsHumanControllingUs: 0, StartBugReporterOnCrash: 0, Is64bit: 1, IsPro: 1

COMMAND LINE ARGUMENTS:
F:\Unity\6000.0.32f1\Editor\Unity.exe
-adb2
-batchMode
-noUpm
-name
AssetImportWorker7
-projectPath
E:/Study/FPTU/SP25/PRU212/Unity Projects/PRU212_Project
-logFile
Logs/AssetImportWorker7.log
-srvPort
60425
-job-worker-count
7
-background-job-worker-count
8
-gc-helper-count
1
Successfully changed project path to: E:/Study/FPTU/SP25/PRU212/Unity Projects/PRU212_Project
E:/Study/FPTU/SP25/PRU212/Unity Projects/PRU212_Project
[UnityMemory] Configuration Parameters - Can be set up in boot.config
    "memorysetup-bucket-allocator-granularity=16"
    "memorysetup-bucket-allocator-bucket-count=8"
    "memorysetup-bucket-allocator-block-size=33554432"
    "memorysetup-bucket-allocator-block-count=8"
    "memorysetup-main-allocator-block-size=16777216"
    "memorysetup-thread-allocator-block-size=16777216"
    "memorysetup-gfx-main-allocator-block-size=16777216"
    "memorysetup-gfx-thread-allocator-block-size=16777216"
    "memorysetup-cache-allocator-block-size=4194304"
    "memorysetup-typetree-allocator-block-size=2097152"
    "memorysetup-profiler-bucket-allocator-granularity=16"
    "memorysetup-profiler-bucket-allocator-bucket-count=8"
    "memorysetup-profiler-bucket-allocator-block-size=33554432"
    "memorysetup-profiler-bucket-allocator-block-count=8"
    "memorysetup-profiler-allocator-block-size=16777216"
    "memorysetup-profiler-editor-allocator-block-size=1048576"
    "memorysetup-temp-allocator-size-main=16777216"
    "memorysetup-job-temp-allocator-block-size=2097152"
    "memorysetup-job-temp-allocator-block-size-background=1048576"
    "memorysetup-job-temp-allocator-reduction-small-platforms=262144"
    "memorysetup-allocator-temp-initial-block-size-main=262144"
    "memorysetup-allocator-temp-initial-block-size-worker=262144"
    "memorysetup-temp-allocator-size-background-worker=32768"
    "memorysetup-temp-allocator-size-job-worker=262144"
    "memorysetup-temp-allocator-size-preload-manager=33554432"
    "memorysetup-temp-allocator-size-nav-mesh-worker=65536"
    "memorysetup-temp-allocator-size-audio-worker=65536"
    "memorysetup-temp-allocator-size-cloud-worker=32768"
    "memorysetup-temp-allocator-size-gi-baking-worker=262144"
    "memorysetup-temp-allocator-size-gi-baking-worker=262144"
    "memorysetup-temp-allocator-size-gi-baking-worker=262144"
    "memorysetup-temp-allocator-size-gi-baking-worker=262144"
    "memorysetup-temp-allocator-size-gi-baking-worker=262144"
    "memorysetup-temp-allocator-size-gfx=262144"
Player connection [12140]  Target information:

Player connection [12140]  * "[IP] 192.168.2.21 [Port] 0 [Flags] 2 [Guid] 2479213847 [EditorId] 2479213847 [Version] 1048832 [Id] WindowsEditor(7,Minhaza) [Debug] 1 [PackageName] WindowsEditor [ProjectName] Editor" 

Player connection [12140] Host joined multi-casting on [225.0.0.222:54997]...
Player connection [12140] Host joined alternative multi-casting on [225.0.0.222:34997]...
JobSystem: Creating JobQueue using job-worker-count value 7
[Physics::Module] Initialized fallback backend.
[Physics::Module] Id: 0xdecafbad
Library Redirect Path: Library/
[Physics::Module] Selected backend.
[Physics::Module] Name: PhysX
[Physics::Module] Id: 0xf2b8ea05
[Physics::Module] SDK Version: 4.1.2
[Physics::Module] Integration Version: 1.0.0
[Physics::Module] Threading Mode: Multi-Threaded
Refreshing native plugins compatible for Editor in 178.08 ms, found 4 plugins.
Preloading 0 native plugins for Editor in 0.00 ms.
Initialize engine version: 6000.0.32f1 (b2e806cf271c)
[Subsystems] Discovering subsystems at path F:/Unity/6000.0.32f1/Editor/Data/Resources/UnitySubsystems
[Subsystems] Discovering subsystems at path E:/Study/FPTU/SP25/PRU212/Unity Projects/PRU212_Project/Assets
GfxDevice: creating device client; kGfxThreadingModeNonThreaded
Direct3D:
    Version:  Direct3D 11.0 [level 11.1]
    Renderer: NVIDIA GeForce RTX 3060 Laptop GPU (ID=0x2520)
    Vendor:   NVIDIA
    VRAM:     5996 MB
    Driver:   32.0.15.7216
Initialize mono
Mono path[0] = 'F:/Unity/6000.0.32f1/Editor/Data/Managed'
Mono path[1] = 'F:/Unity/6000.0.32f1/Editor/Data/MonoBleedingEdge/lib/mono/unityjit-win32'
Mono config path = 'F:/Unity/6000.0.32f1/Editor/Data/MonoBleedingEdge/etc'
Using monoOptions --debugger-agent=transport=dt_socket,embedding=1,server=y,suspend=n,address=127.0.0.1:56284
Begin MonoManager ReloadAssembly
Registering precompiled unity dll's ...
Register platform support module: F:/Unity/6000.0.32f1/Editor/Data/PlaybackEngines/WindowsStandaloneSupport/UnityEditor.WindowsStandalone.Extensions.dll
Registered in 0.002509 seconds.
- Loaded All Assemblies, in  0.564 seconds
Native extension for WindowsStandalone target not found
Mono: successfully reloaded assembly
- Finished resetting the current domain, in  0.370 seconds
Domain Reload Profiling: 934ms
	BeginReloadAssembly (153ms)
		ExecutionOrderSort (0ms)
		DisableScriptedObjects (0ms)
		BackupInstance (0ms)
		ReleaseScriptingObjects (0ms)
		CreateAndSetChildDomain (1ms)
	RebuildCommonClasses (43ms)
	RebuildNativeTypeToScriptingClass (12ms)
	initialDomainReloadingComplete (52ms)
	LoadAllAssembliesAndSetupDomain (304ms)
		LoadAssemblies (152ms)
		RebuildTransferFunctionScriptingTraits (0ms)
		AnalyzeDomain (301ms)
			TypeCache.Refresh (299ms)
				TypeCache.ScanAssembly (286ms)
			BuildScriptInfoCaches (0ms)
			ResolveRequiredComponents (0ms)
	FinalizeReload (371ms)
		ReleaseScriptCaches (0ms)
		RebuildScriptCaches (0ms)
		SetupLoadedEditorAssemblies (327ms)
			LogAssemblyErrors (0ms)
			InitializePlatformSupportModulesInManaged (27ms)
			SetLoadedEditorAssemblies (4ms)
			BeforeProcessingInitializeOnLoad (51ms)
			ProcessInitializeOnLoadAttributes (146ms)
			ProcessInitializeOnLoadMethodAttributes (97ms)
			AfterProcessingInitializeOnLoad (0ms)
			EditorAssembliesLoaded (0ms)
		ExecutionOrderSort2 (0ms)
		AwakeInstancesAfterBackupRestoration (0ms)
========================================================================
Worker process is ready to serve import requests
Import Worker Mode flag is 0x00
Begin MonoManager ReloadAssembly
- Loaded All Assemblies, in  1.007 seconds
Refreshing native plugins compatible for Editor in 3.36 ms, found 4 plugins.
Native extension for WindowsStandalone target not found
Mono: successfully reloaded assembly
- Finished resetting the current domain, in  1.778 seconds
Domain Reload Profiling: 2775ms
	BeginReloadAssembly (177ms)
		ExecutionOrderSort (0ms)
		DisableScriptedObjects (6ms)
		BackupInstance (0ms)
		ReleaseScriptingObjects (0ms)
		CreateAndSetChildDomain (32ms)
	RebuildCommonClasses (37ms)
	RebuildNativeTypeToScriptingClass (11ms)
	initialDomainReloadingComplete (41ms)
	LoadAllAssembliesAndSetupDomain (730ms)
		LoadAssemblies (504ms)
		RebuildTransferFunctionScriptingTraits (0ms)
		AnalyzeDomain (332ms)
			TypeCache.Refresh (240ms)
				TypeCache.ScanAssembly (176ms)
			BuildScriptInfoCaches (78ms)
			ResolveRequiredComponents (11ms)
	FinalizeReload (1778ms)
		ReleaseScriptCaches (0ms)
		RebuildScriptCaches (0ms)
		SetupLoadedEditorAssemblies (1047ms)
			LogAssemblyErrors (0ms)
			InitializePlatformSupportModulesInManaged (2ms)
			SetLoadedEditorAssemblies (4ms)
			BeforeProcessingInitializeOnLoad (148ms)
			ProcessInitializeOnLoadAttributes (456ms)
			ProcessInitializeOnLoadMethodAttributes (435ms)
			AfterProcessingInitializeOnLoad (2ms)
			EditorAssembliesLoaded (0ms)
		ExecutionOrderSort2 (0ms)
		AwakeInstancesAfterBackupRestoration (6ms)
Launched and connected shader compiler UnityShaderCompiler.exe after 0.01 seconds
Refreshing native plugins compatible for Editor in 6.71 ms, found 4 plugins.
Preloading 0 native plugins for Editor in 0.00 ms.
Unloading 219 Unused Serialized files (Serialized files now loaded: 0)
Unloading 6559 unused Assets / (5.0 MB). Loaded Objects now: 7253.
Memory consumption went from 175.6 MB to 170.6 MB.
Total: 21.761300 ms (FindLiveObjects: 1.552400 ms CreateObjectMapping: 2.532500 ms MarkObjects: 12.436800 ms  DeleteObjects: 5.236900 ms)

========================================================================
Received Import Request.
  Time since last request: 7451.818875 seconds.
  path: Assets/Thaleah_PixelFont/Materials/ThaleahFat_TTF.ttf
  artifactKey: Guid(585188cdc4600544eb408bee749e4b3a) Importer(815301076,1909f56bfc062723c751e8b465ee728b)
Start importing Assets/Thaleah_PixelFont/Materials/ThaleahFat_TTF.ttf using Guid(585188cdc4600544eb408bee749e4b3a) Importer(815301076,1909f56bfc062723c751e8b465ee728b) (PreviewImporter) -> (artifact id: '87453b8b4709d9128745dc055adeceae') in 0.5597655 seconds
Number of updated asset objects reloaded before import = 0Number of asset objects unloaded after import = 4

========================================================================
Received Import Request.
  Time since last request: 120.104649 seconds.
  path: Assets/TextMesh Pro/Resources/Fonts & Materials/LiberationSans SDF - Outline.mat
  artifactKey: Guid(79459efec17a4d00a321bdcc27bbc385) Importer(815301076,1909f56bfc062723c751e8b465ee728b)
Start importing Assets/TextMesh Pro/Resources/Fonts & Materials/LiberationSans SDF - Outline.mat using Guid(79459efec17a4d00a321bdcc27bbc385) Importer(815301076,1909f56bfc062723c751e8b465ee728b) (PreviewImporter) -> (artifact id: 'ea8cda8314e388702dbef285c733996b') in 0.2252086 seconds
Number of updated asset objects reloaded before import = 0Number of asset objects unloaded after import = 2

========================================================================
Received Import Request.
  Time since last request: 90.566299 seconds.
  path: Assets/Prefabs/Player.prefab
  artifactKey: Guid(bf098975534e0344fa081e3714213e6d) Importer(2089858483,192608db42251d675da83286b1cce702)
Start importing Assets/Prefabs/Player.prefab using Guid(bf098975534e0344fa081e3714213e6d) Importer(2089858483,192608db42251d675da83286b1cce702) (ScriptedImporter) -> (artifact id: '30d71b680e7347ea06a095103b905ad3') in 1.2036134 seconds
Number of updated asset objects reloaded before import = 0Number of asset objects unloaded after import = 9

========================================================================
Received Import Request.
  Time since last request: 0.000033 seconds.
  path: Assets/Sprites/environment/layers/plant.png
  artifactKey: Guid(e4bcfee496ffb4440818ea66a48e4e95) Importer(2089858483,192608db42251d675da83286b1cce702)
Start importing Assets/Sprites/environment/layers/plant.png using Guid(e4bcfee496ffb4440818ea66a48e4e95) Importer(2089858483,192608db42251d675da83286b1cce702) (ScriptedImporter) -> (artifact id: '549d41ab5fa58208b6d2c1615bf5b7ea') in 0.1157803 seconds
Number of updated asset objects reloaded before import = 0Number of asset objects unloaded after import = 3

========================================================================
Received Import Request.
  Time since last request: 0.000032 seconds.
  path: Assets/Sprites/Player_Idle.png
  artifactKey: Guid(0e9e81d190525cc4eb8c726353104ff0) Importer(2089858483,192608db42251d675da83286b1cce702)
Start importing Assets/Sprites/Player_Idle.png using Guid(0e9e81d190525cc4eb8c726353104ff0) Importer(2089858483,192608db42251d675da83286b1cce702) (ScriptedImporter) -> (artifact id: '43996debda60ab570d5eb1e46ccc2a13') in 0.0657431 seconds
Number of updated asset objects reloaded before import = 0Number of asset objects unloaded after import = 1

========================================================================
Received Import Request.
  Time since last request: 0.000024 seconds.
  path: Assets/TextMesh Pro/Shaders/TMP_SDF-Mobile.shader
  artifactKey: Guid(fe393ace9b354375a9cb14cdbbc28be4) Importer(2089858483,192608db42251d675da83286b1cce702)
Start importing Assets/TextMesh Pro/Shaders/TMP_SDF-Mobile.shader using Guid(fe393ace9b354375a9cb14cdbbc28be4) Importer(2089858483,192608db42251d675da83286b1cce702) (ScriptedImporter) -> (artifact id: 'eda1f132b5535ff2428e7b9f20e91e90') in 0.1201975 seconds
Number of updated asset objects reloaded before import = 0Number of asset objects unloaded after import = 1

========================================================================
Received Import Request.
  Time since last request: 0.000028 seconds.
  path: Assets/Sprites/environment/layers/slime-block.png
  artifactKey: Guid(98bfa39c86e1b48d2a1a7e9b656269fe) Importer(2089858483,192608db42251d675da83286b1cce702)
Start importing Assets/Sprites/environment/layers/slime-block.png using Guid(98bfa39c86e1b48d2a1a7e9b656269fe) Importer(2089858483,192608db42251d675da83286b1cce702) (ScriptedImporter) -> (artifact id: '203bcdbb38b29c28a5265cbcc58bf670') in 0.1848651 seconds
Number of updated asset objects reloaded before import = 0Number of asset objects unloaded after import = 3

========================================================================
Received Import Request.
  Time since last request: 0.000032 seconds.
  path: Assets/Sprites/environment/New Tile Palette.prefab
  artifactKey: Guid(ae992f69e0dcb584c90838e6993491b9) Importer(2089858483,192608db42251d675da83286b1cce702)
Start importing Assets/Sprites/environment/New Tile Palette.prefab using Guid(ae992f69e0dcb584c90838e6993491b9) Importer(2089858483,192608db42251d675da83286b1cce702) (ScriptedImporter) -> (artifact id: '1a7c7b53c918ae26f48827e83a819e21') in 0.384551 seconds
Number of updated asset objects reloaded before import = 0Number of asset objects unloaded after import = 10

========================================================================
Received Import Request.
  Time since last request: 0.000029 seconds.
  path: Assets/Sprites/Player/Roll/Roll1.png
  artifactKey: Guid(e86142c8c624342819b45f8d54492e49) Importer(2089858483,192608db42251d675da83286b1cce702)
Start importing Assets/Sprites/Player/Roll/Roll1.png using Guid(e86142c8c624342819b45f8d54492e49) Importer(2089858483,192608db42251d675da83286b1cce702) (ScriptedImporter) -> (artifact id: '215835c642925b9fa46065df2a6f737d') in 0.0232143 seconds
Number of updated asset objects reloaded before import = 0Number of asset objects unloaded after import = 3

========================================================================
Received Import Request.
  Time since last request: 0.000041 seconds.
  path: Assets/TextMesh Pro/Shaders/TMP_SDF-Mobile SSD.shader
  artifactKey: Guid(c8d12adcee749c344b8117cf7c7eb912) Importer(2089858483,192608db42251d675da83286b1cce702)
Start importing Assets/TextMesh Pro/Shaders/TMP_SDF-Mobile SSD.shader using Guid(c8d12adcee749c344b8117cf7c7eb912) Importer(2089858483,192608db42251d675da83286b1cce702) (ScriptedImporter) -> (artifact id: 'b591152ec2811f08a2a9bfc80938014e') in 0.0445814 seconds
Number of updated asset objects reloaded before import = 0Number of asset objects unloaded after import = 1

========================================================================
Received Import Request.
  Time since last request: 0.000023 seconds.
  path: Assets/Sprites/environment/layers/tileset_25.asset
  artifactKey: Guid(50ca761e971e9df4784228530b602eec) Importer(2089858483,192608db42251d675da83286b1cce702)
Start importing Assets/Sprites/environment/layers/tileset_25.asset using Guid(50ca761e971e9df4784228530b602eec) Importer(2089858483,192608db42251d675da83286b1cce702) (ScriptedImporter) -> (artifact id: '9927ae3b937995447a98e1e9b5ff865c') in 0.0688098 seconds
Number of updated asset objects reloaded before import = 0Number of asset objects unloaded after import = 2

========================================================================
Received Import Request.
  Time since last request: 0.000022 seconds.
  path: Assets/Sprites/environment/layers/tileset_24.asset
  artifactKey: Guid(93f8c9239bdd1164982fb85a3ecbe632) Importer(2089858483,192608db42251d675da83286b1cce702)
Start importing Assets/Sprites/environment/layers/tileset_24.asset using Guid(93f8c9239bdd1164982fb85a3ecbe632) Importer(2089858483,192608db42251d675da83286b1cce702) (ScriptedImporter) -> (artifact id: '932f3c08bba582fe107b5f07f083ca09') in 0.0447797 seconds
Number of updated asset objects reloaded before import = 0Number of asset objects unloaded after import = 2

========================================================================
Received Import Request.
  Time since last request: 0.000026 seconds.
  path: Assets/Sprites/environment/layers/tileset_11.asset
  artifactKey: Guid(c3c78cc64d06dbc43b27b1dde3f3ddf9) Importer(2089858483,192608db42251d675da83286b1cce702)
Start importing Assets/Sprites/environment/layers/tileset_11.asset using Guid(c3c78cc64d06dbc43b27b1dde3f3ddf9) Importer(2089858483,192608db42251d675da83286b1cce702) (ScriptedImporter) -> (artifact id: 'a164240f2a3e8e42861f9a9be57f040e') in 0.0359117 seconds
Number of updated asset objects reloaded before import = 0Number of asset objects unloaded after import = 2

========================================================================
Received Import Request.
  Time since last request: 0.000033 seconds.
  path: Assets/Sprites/environment/layers/tileset_20.asset
  artifactKey: Guid(1016f8f08b9a8cb458baf217a9bf4248) Importer(2089858483,192608db42251d675da83286b1cce702)
Start importing Assets/Sprites/environment/layers/tileset_20.asset using Guid(1016f8f08b9a8cb458baf217a9bf4248) Importer(2089858483,192608db42251d675da83286b1cce702) (ScriptedImporter) -> (artifact id: '58ef7e4a9d09b8cb9e6953dfac32c1a6') in 0.1439152 seconds
Number of updated asset objects reloaded before import = 0Number of asset objects unloaded after import = 2

========================================================================
Received Import Request.
  Time since last request: 0.000026 seconds.
  path: Assets/Sprites/Player/run/run7.png
  artifactKey: Guid(ecd23ad04c1d14108b42edffb171827c) Importer(2089858483,192608db42251d675da83286b1cce702)
Start importing Assets/Sprites/Player/run/run7.png using Guid(ecd23ad04c1d14108b42edffb171827c) Importer(2089858483,192608db42251d675da83286b1cce702) (ScriptedImporter) -> (artifact id: '831bce9d26b756d08f957cdd530ba83b') in 0.0242196 seconds
Number of updated asset objects reloaded before import = 0Number of asset objects unloaded after import = 3

========================================================================
Received Import Request.
  Time since last request: 0.000035 seconds.
  path: Assets/Sprites/environment/zaphire/zaphire1 (1).controller
  artifactKey: Guid(32eb959d39db740949bb0a4b16a7eb42) Importer(2089858483,192608db42251d675da83286b1cce702)
Start importing Assets/Sprites/environment/zaphire/zaphire1 (1).controller using Guid(32eb959d39db740949bb0a4b16a7eb42) Importer(2089858483,192608db42251d675da83286b1cce702) (ScriptedImporter) -> (artifact id: '6f60114fbdbe87e107c86d169ed108c8') in 0.1743256 seconds
Number of updated asset objects reloaded before import = 0Number of asset objects unloaded after import = 4

========================================================================
Received Import Request.
  Time since last request: 0.000029 seconds.
  path: Assets/Sprites/environment/spikes.png
  artifactKey: Guid(2739108c49f9a4ecf84fac4e1d8857ec) Importer(2089858483,192608db42251d675da83286b1cce702)
Start importing Assets/Sprites/environment/spikes.png using Guid(2739108c49f9a4ecf84fac4e1d8857ec) Importer(2089858483,192608db42251d675da83286b1cce702) (ScriptedImporter) -> (artifact id: '0aa2dba7ead483403627d8e74df04714') in 0.0814141 seconds
Number of updated asset objects reloaded before import = 0Number of asset objects unloaded after import = 3

========================================================================
Received Import Request.
  Time since last request: 0.000045 seconds.
  path: Assets/Sprites/environment/layers/tileset_1.asset
  artifactKey: Guid(94108ca70d9227a429c9599ea6ab4949) Importer(2089858483,192608db42251d675da83286b1cce702)
Start importing Assets/Sprites/environment/layers/tileset_1.asset using Guid(94108ca70d9227a429c9599ea6ab4949) Importer(2089858483,192608db42251d675da83286b1cce702) (ScriptedImporter) -> (artifact id: '5968a0fb23b4c75b307ce2db8457213a') in 0.0324808 seconds
Number of updated asset objects reloaded before import = 0Number of asset objects unloaded after import = 2

========================================================================
Received Import Request.
  Time since last request: 0.000030 seconds.
  path: Assets/Sprites/Player/run/run5.png
  artifactKey: Guid(496a9e7d153364a5285c65c37c76859c) Importer(2089858483,192608db42251d675da83286b1cce702)
Start importing Assets/Sprites/Player/run/run5.png using Guid(496a9e7d153364a5285c65c37c76859c) Importer(2089858483,192608db42251d675da83286b1cce702) (ScriptedImporter) -> (artifact id: 'b82cbf4010b032ad3f716561bad61405') in 0.0108682 seconds
Number of updated asset objects reloaded before import = 0Number of asset objects unloaded after import = 3

========================================================================
Received Import Request.
  Time since last request: 0.000028 seconds.
  path: Assets/Sprites/environment/spike-block.png
  artifactKey: Guid(4dcb185a9fc2e4239aac5033780c410a) Importer(2089858483,192608db42251d675da83286b1cce702)
Start importing Assets/Sprites/environment/spike-block.png using Guid(4dcb185a9fc2e4239aac5033780c410a) Importer(2089858483,192608db42251d675da83286b1cce702) (ScriptedImporter) -> (artifact id: '5c717f07b574d2077f30b06f30539965') in 0.0282181 seconds
Number of updated asset objects reloaded before import = 0Number of asset objects unloaded after import = 3

========================================================================
Received Import Request.
  Time since last request: 0.000026 seconds.
  path: Assets/TextMesh Pro/Shaders/TMP_SDF-URP Lit.shadergraph
  artifactKey: Guid(a3d800b099a06e0478fb790c5e79057a) Importer(2089858483,192608db42251d675da83286b1cce702)
Start importing Assets/TextMesh Pro/Shaders/TMP_SDF-URP Lit.shadergraph using Guid(a3d800b099a06e0478fb790c5e79057a) Importer(2089858483,192608db42251d675da83286b1cce702) (ScriptedImporter) -> (artifact id: '5fcab121c0f99db88c59c1f52a219596') in 3.8063112 seconds
Number of updated asset objects reloaded before import = 0Number of asset objects unloaded after import = 4

========================================================================
Received Import Request.
  Time since last request: 0.000036 seconds.
  path: Assets/Sprites/environment/layers/tileset_4.asset
  artifactKey: Guid(ff9456fecec10934caeb074480b602f8) Importer(2089858483,192608db42251d675da83286b1cce702)
Start importing Assets/Sprites/environment/layers/tileset_4.asset using Guid(ff9456fecec10934caeb074480b602f8) Importer(2089858483,192608db42251d675da83286b1cce702) (ScriptedImporter) -> (artifact id: '48d88e516b07eb4ddb6aba7fd38c3068') in 0.0448169 seconds
Number of updated asset objects reloaded before import = 0Number of asset objects unloaded after import = 2

========================================================================
Received Import Request.
  Time since last request: 0.000022 seconds.
  path: Assets/Sprites/Player/run/run9.png
  artifactKey: Guid(c0b8d0ea20b644a0cb9ad7ac6d1a59be) Importer(2089858483,192608db42251d675da83286b1cce702)
Start importing Assets/Sprites/Player/run/run9.png using Guid(c0b8d0ea20b644a0cb9ad7ac6d1a59be) Importer(2089858483,192608db42251d675da83286b1cce702) (ScriptedImporter) -> (artifact id: '3977d1225b923516da3386d3ae0efdcf') in 0.0104559 seconds
Number of updated asset objects reloaded before import = 0Number of asset objects unloaded after import = 3

========================================================================
Received Import Request.
  Time since last request: 0.000020 seconds.
  path: Assets/Thaleah_PixelFont/ThaleahFat.fontsettings
  artifactKey: Guid(652f7165b7c30ab46af6c4aad90a639b) Importer(2089858483,192608db42251d675da83286b1cce702)
Start importing Assets/Thaleah_PixelFont/ThaleahFat.fontsettings using Guid(652f7165b7c30ab46af6c4aad90a639b) Importer(2089858483,192608db42251d675da83286b1cce702) (ScriptedImporter) -> (artifact id: '318cede1d9bf817441793f6bfce4c035') in 0.042761 seconds
Number of updated asset objects reloaded before import = 0Number of asset objects unloaded after import = 2

========================================================================
Received Import Request.
  Time since last request: 0.000024 seconds.
  path: Assets/TextMesh Pro/Shaders/TMP_SDF-Surface.shader
  artifactKey: Guid(f7ada0af4f174f0694ca6a487b8f543d) Importer(2089858483,192608db42251d675da83286b1cce702)
Start importing Assets/TextMesh Pro/Shaders/TMP_SDF-Surface.shader using Guid(f7ada0af4f174f0694ca6a487b8f543d) Importer(2089858483,192608db42251d675da83286b1cce702) (ScriptedImporter) -> (artifact id: '36bf908b8767c2b688ef72ebcdac2854') in 0.0052758 seconds
Number of updated asset objects reloaded before import = 0Number of asset objects unloaded after import = 1

========================================================================
Received Import Request.
  Time since last request: 0.000060 seconds.
  path: Assets/Sprites/Player/Roll/Roll2.png
  artifactKey: Guid(c967fa266a1ac4c5f963718d56691d5b) Importer(2089858483,192608db42251d675da83286b1cce702)
Start importing Assets/Sprites/Player/Roll/Roll2.png using Guid(c967fa266a1ac4c5f963718d56691d5b) Importer(2089858483,192608db42251d675da83286b1cce702) (ScriptedImporter) -> (artifact id: '5511e2913ffe6794201f421a8ee953a7') in 0.1458517 seconds
Number of updated asset objects reloaded before import = 0Number of asset objects unloaded after import = 3

========================================================================
Received Import Request.
  Time since last request: 0.000037 seconds.
  path: Assets/Stomper Artwork/PixelArt/Walking Enemy Small/walker-small1.png
  artifactKey: Guid(60f97098ca8464d2da341a88bd993f97) Importer(2089858483,192608db42251d675da83286b1cce702)
Start importing Assets/Stomper Artwork/PixelArt/Walking Enemy Small/walker-small1.png using Guid(60f97098ca8464d2da341a88bd993f97) Importer(2089858483,192608db42251d675da83286b1cce702) (ScriptedImporter) -> (artifact id: '8cc4d8cd52887c4a937e98742f140919') in 0.0490425 seconds
Number of updated asset objects reloaded before import = 0Number of asset objects unloaded after import = 3

========================================================================
Received Import Request.
  Time since last request: 0.000105 seconds.
  path: Assets/Stomper Artwork/PixelArt/Walking Enemy/stunt1.png
  artifactKey: Guid(459aeeb4499bd4ae18acaca0c2f18a18) Importer(2089858483,192608db42251d675da83286b1cce702)
Start importing Assets/Stomper Artwork/PixelArt/Walking Enemy/stunt1.png using Guid(459aeeb4499bd4ae18acaca0c2f18a18) Importer(2089858483,192608db42251d675da83286b1cce702) (ScriptedImporter) -> (artifact id: '3fea78e2ac71d890cf4d27e2d34e8b0f') in 0.0691049 seconds
Number of updated asset objects reloaded before import = 0Number of asset objects unloaded after import = 3

========================================================================
Received Import Request.
  Time since last request: 0.000042 seconds.
  path: Assets/TextMesh Pro/Shaders/TMPro_Properties.cginc
  artifactKey: Guid(3997e2241185407d80309a82f9148466) Importer(2089858483,192608db42251d675da83286b1cce702)
Start importing Assets/TextMesh Pro/Shaders/TMPro_Properties.cginc using Guid(3997e2241185407d80309a82f9148466) Importer(2089858483,192608db42251d675da83286b1cce702) (ScriptedImporter) -> (artifact id: 'cb1cb34ebad61d07a7c825f83618ccea') in 0.0255648 seconds
Number of updated asset objects reloaded before import = 0Number of asset objects unloaded after import = 1

========================================================================
Received Import Request.
  Time since last request: 0.000027 seconds.
  path: Assets/TextMesh Pro/Examples & Extras/Fonts/Anton.ttf
  artifactKey: Guid(997a43b767814dd0a7642ec9b78cba41) Importer(2089858483,192608db42251d675da83286b1cce702)
Start importing Assets/TextMesh Pro/Examples & Extras/Fonts/Anton.ttf using Guid(997a43b767814dd0a7642ec9b78cba41) Importer(2089858483,192608db42251d675da83286b1cce702) (ScriptedImporter) -> (artifact id: 'c9e1185f26a5b412479bdcca31c94b31') in 0.0293132 seconds
Number of updated asset objects reloaded before import = 0Number of asset objects unloaded after import = 3

========================================================================
Received Import Request.
  Time since last request: 0.000041 seconds.
  path: Assets/Sprites/Player/run/run3.png
  artifactKey: Guid(2e2d3323cd6e647dc98c37d2577aa908) Importer(2089858483,192608db42251d675da83286b1cce702)
Start importing Assets/Sprites/Player/run/run3.png using Guid(2e2d3323cd6e647dc98c37d2577aa908) Importer(2089858483,192608db42251d675da83286b1cce702) (ScriptedImporter) -> (artifact id: '5f894a933aed81c9d57d962c5a767814') in 0.0138105 seconds
Number of updated asset objects reloaded before import = 0Number of asset objects unloaded after import = 3

========================================================================
Received Import Request.
  Time since last request: 0.000022 seconds.
  path: Assets/TextMesh Pro/Shaders/TMP_SDF.shader
  artifactKey: Guid(68e6db2ebdc24f95958faec2be5558d6) Importer(2089858483,192608db42251d675da83286b1cce702)
Start importing Assets/TextMesh Pro/Shaders/TMP_SDF.shader using Guid(68e6db2ebdc24f95958faec2be5558d6) Importer(2089858483,192608db42251d675da83286b1cce702) (ScriptedImporter) -> (artifact id: '76e037d36d48e65adac4ca01ab626cb8') in 0.0074822 seconds
Number of updated asset objects reloaded before import = 0Number of asset objects unloaded after import = 1

========================================================================
Received Import Request.
  Time since last request: 0.000029 seconds.
  path: Assets/Sprites/environment/layers/back.png
  artifactKey: Guid(6013f11a95dcd466ab6453277532bd41) Importer(2089858483,192608db42251d675da83286b1cce702)
Start importing Assets/Sprites/environment/layers/back.png using Guid(6013f11a95dcd466ab6453277532bd41) Importer(2089858483,192608db42251d675da83286b1cce702) (ScriptedImporter) -> (artifact id: 'a61673f0dd26f41c1b922533e8849ed6') in 0.0655677 seconds
Number of updated asset objects reloaded before import = 0Number of asset objects unloaded after import = 3

========================================================================
Received Import Request.
  Time since last request: 0.000028 seconds.
  path: Assets/TextMesh Pro/Examples & Extras/Fonts/Bangers.ttf
  artifactKey: Guid(5dd49b3eacc540408c98eee0de38e0f1) Importer(2089858483,192608db42251d675da83286b1cce702)
Start importing Assets/TextMesh Pro/Examples & Extras/Fonts/Bangers.ttf using Guid(5dd49b3eacc540408c98eee0de38e0f1) Importer(2089858483,192608db42251d675da83286b1cce702) (ScriptedImporter) -> (artifact id: 'e440cadbc718713d0b3a07694fd7c62c') in 0.1733436 seconds
Number of updated asset objects reloaded before import = 0Number of asset objects unloaded after import = 3

========================================================================
Received Import Request.
  Time since last request: 0.000029 seconds.
  path: Assets/TextMesh Pro/Examples & Extras/Materials/Crate - URP.mat
  artifactKey: Guid(3b5cc91c3bf8cf74391252247f52fb59) Importer(2089858483,192608db42251d675da83286b1cce702)
Start importing Assets/TextMesh Pro/Examples & Extras/Materials/Crate - URP.mat using Guid(3b5cc91c3bf8cf74391252247f52fb59) Importer(2089858483,192608db42251d675da83286b1cce702) (ScriptedImporter) -> (artifact id: 'b71670ef073fe37c1f5d8391caaca0e8') in 0.3726873 seconds
Number of updated asset objects reloaded before import = 0Number of asset objects unloaded after import = 3

========================================================================
Received Import Request.
  Time since last request: 0.000027 seconds.
  path: Assets/TextMesh Pro/Examples & Extras/Prefabs/Text Popup.prefab
  artifactKey: Guid(b06f0e6c1dfa4356ac918da1bb32c603) Importer(2089858483,192608db42251d675da83286b1cce702)
Start importing Assets/TextMesh Pro/Examples & Extras/Prefabs/Text Popup.prefab using Guid(b06f0e6c1dfa4356ac918da1bb32c603) Importer(2089858483,192608db42251d675da83286b1cce702) (ScriptedImporter) -> (artifact id: 'bc03c159dc62769e4d38400589738ecb') in 0.3466045 seconds
Number of updated asset objects reloaded before import = 0Number of asset objects unloaded after import = 21

========================================================================
Received Import Request.
  Time since last request: 0.000037 seconds.
  path: Assets/TextMesh Pro/Examples & Extras/Scenes/10 - Bullets & Numbered List Example.unity
  artifactKey: Guid(c3f814e1d12c45568daf3dd9a86a0e61) Importer(2089858483,192608db42251d675da83286b1cce702)
Start importing Assets/TextMesh Pro/Examples & Extras/Scenes/10 - Bullets & Numbered List Example.unity using Guid(c3f814e1d12c45568daf3dd9a86a0e61) Importer(2089858483,192608db42251d675da83286b1cce702) (ScriptedImporter) -> (artifact id: '615509f668aa539ed02d80d069500c3b') in 0.1013641 seconds
Number of updated asset objects reloaded before import = 0Number of asset objects unloaded after import = 1

========================================================================
Received Import Request.
  Time since last request: 0.000023 seconds.
  path: Assets/Stomper Artwork/PixelArt/Walking Enemy Small/small enemy walking animation.anim
  artifactKey: Guid(a996dee6f0eb74c498c44018312344b3) Importer(2089858483,192608db42251d675da83286b1cce702)
Start importing Assets/Stomper Artwork/PixelArt/Walking Enemy Small/small enemy walking animation.anim using Guid(a996dee6f0eb74c498c44018312344b3) Importer(2089858483,192608db42251d675da83286b1cce702) (ScriptedImporter) -> (artifact id: 'acc959e6dd98edc0b860c29b2f03dc1c') in 0.0105514 seconds
Number of updated asset objects reloaded before import = 0Number of asset objects unloaded after import = 1

========================================================================
Received Import Request.
  Time since last request: 0.000024 seconds.
  path: Assets/Stomper Artwork/Audio/fx/pick.wav
  artifactKey: Guid(f3379d7c990fe4e6b9215fd0a4c19103) Importer(2089858483,192608db42251d675da83286b1cce702)
Start importing Assets/Stomper Artwork/Audio/fx/pick.wav using Guid(f3379d7c990fe4e6b9215fd0a4c19103) Importer(2089858483,192608db42251d675da83286b1cce702) (ScriptedImporter) -> (artifact id: '1442c84fed99c9bc7b04b02935e2d8f8') in 0.0742194 seconds
Number of updated asset objects reloaded before import = 0Number of asset objects unloaded after import = 1

========================================================================
Received Import Request.
  Time since last request: 0.000032 seconds.
  path: Assets/Stomper Artwork/PixelArt/Walking Enemy/walk4.png
  artifactKey: Guid(476f873e5df834836a97b1cfd87b81d4) Importer(2089858483,192608db42251d675da83286b1cce702)
Start importing Assets/Stomper Artwork/PixelArt/Walking Enemy/walk4.png using Guid(476f873e5df834836a97b1cfd87b81d4) Importer(2089858483,192608db42251d675da83286b1cce702) (ScriptedImporter) -> (artifact id: '0d37aafbc669695e6e7d7c5cd3f3826f') in 0.0561884 seconds
Number of updated asset objects reloaded before import = 0Number of asset objects unloaded after import = 3

========================================================================
Received Import Request.
  Time since last request: 1.285365 seconds.
  path: Assets/TextMesh Pro/Examples & Extras/Scenes/27 - Double Pass Shader Example.unity
  artifactKey: Guid(3b38a6ba32b869f48812e595baf39746) Importer(2089858483,192608db42251d675da83286b1cce702)
Start importing Assets/TextMesh Pro/Examples & Extras/Scenes/27 - Double Pass Shader Example.unity using Guid(3b38a6ba32b869f48812e595baf39746) Importer(2089858483,192608db42251d675da83286b1cce702) (ScriptedImporter) -> (artifact id: '941cd485a98f023d2982494d21ef9b0f') in 0.0943833 seconds
Number of updated asset objects reloaded before import = 0Number of asset objects unloaded after import = 1

========================================================================
Received Import Request.
  Time since last request: 0.000024 seconds.
  path: Assets/TextMesh Pro/Examples & Extras/Scripts/Benchmark01.cs
  artifactKey: Guid(f970ea55f9f84bf79b05dab180b8c125) Importer(2089858483,192608db42251d675da83286b1cce702)
Start importing Assets/TextMesh Pro/Examples & Extras/Scripts/Benchmark01.cs using Guid(f970ea55f9f84bf79b05dab180b8c125) Importer(2089858483,192608db42251d675da83286b1cce702) (ScriptedImporter) -> (artifact id: '22447978c36ba32870cce5b04eb63d1a') in 0.0045959 seconds
Number of updated asset objects reloaded before import = 0Number of asset objects unloaded after import = 0

========================================================================
Received Import Request.
  Time since last request: 0.000038 seconds.
  path: Assets/TextMesh Pro/Examples & Extras/Scripts/Benchmark01_UGUI.cs
  artifactKey: Guid(8ef7be1c625941f7ba8ed7cc71718c0d) Importer(2089858483,192608db42251d675da83286b1cce702)
Start importing Assets/TextMesh Pro/Examples & Extras/Scripts/Benchmark01_UGUI.cs using Guid(8ef7be1c625941f7ba8ed7cc71718c0d) Importer(2089858483,192608db42251d675da83286b1cce702) (ScriptedImporter) -> (artifact id: '43c36abd0ed1b57f77b65b643aebc439') in 0.0071425 seconds
Number of updated asset objects reloaded before import = 0Number of asset objects unloaded after import = 0

========================================================================
Received Import Request.
  Time since last request: 0.198555 seconds.
  path: Assets/Stomper Artwork/Audio/fx/enemy_death.wav
  artifactKey: Guid(328763bc966b64b91bd57907bd828b53) Importer(2089858483,192608db42251d675da83286b1cce702)
Start importing Assets/Stomper Artwork/Audio/fx/enemy_death.wav using Guid(328763bc966b64b91bd57907bd828b53) Importer(2089858483,192608db42251d675da83286b1cce702) (ScriptedImporter) -> (artifact id: 'a59fcae33a1f893e62f42d77734901cf') in 0.4560375 seconds
Number of updated asset objects reloaded before import = 0Number of asset objects unloaded after import = 1

========================================================================
Received Import Request.
  Time since last request: 0.000030 seconds.
  path: Assets/TextMesh Pro/Examples & Extras/Scripts/TMPro_InstructionOverlay.cs
  artifactKey: Guid(c3c1afeda5e545e0b19add5373896d2e) Importer(2089858483,192608db42251d675da83286b1cce702)
Start importing Assets/TextMesh Pro/Examples & Extras/Scripts/TMPro_InstructionOverlay.cs using Guid(c3c1afeda5e545e0b19add5373896d2e) Importer(2089858483,192608db42251d675da83286b1cce702) (ScriptedImporter) -> (artifact id: '028fd303cf6269d84aa537c4cf804072') in 0.005092 seconds
Number of updated asset objects reloaded before import = 0Number of asset objects unloaded after import = 0

========================================================================
Received Import Request.
  Time since last request: 0.000032 seconds.
  path: Assets/TextMesh Pro/Examples & Extras/Scripts/DropdownSample.cs
  artifactKey: Guid(ac1eb05af6d391b4eb0f4c070a99f1d0) Importer(2089858483,192608db42251d675da83286b1cce702)
Start importing Assets/TextMesh Pro/Examples & Extras/Scripts/DropdownSample.cs using Guid(ac1eb05af6d391b4eb0f4c070a99f1d0) Importer(2089858483,192608db42251d675da83286b1cce702) (ScriptedImporter) -> (artifact id: '6161aec141400043ac75a4e85447776c') in 0.0039501 seconds
Number of updated asset objects reloaded before import = 0Number of asset objects unloaded after import = 0

========================================================================
Received Import Request.
  Time since last request: 0.000023 seconds.
  path: Assets/TextMesh Pro/Examples & Extras/Scripts/TMP_FrameRateCounter.cs
  artifactKey: Guid(686ec78b56aa445795335fbadafcfaa4) Importer(2089858483,192608db42251d675da83286b1cce702)
Start importing Assets/TextMesh Pro/Examples & Extras/Scripts/TMP_FrameRateCounter.cs using Guid(686ec78b56aa445795335fbadafcfaa4) Importer(2089858483,192608db42251d675da83286b1cce702) (ScriptedImporter) -> (artifact id: '39f451ef66481f4d26a0d9b751941ba1') in 0.0042945 seconds
Number of updated asset objects reloaded before import = 0Number of asset objects unloaded after import = 0

========================================================================
Received Import Request.
  Time since last request: 0.000023 seconds.
  path: Assets/TextMesh Pro/Examples & Extras/Scripts/TMP_DigitValidator.cs
  artifactKey: Guid(1a7eb92a01ed499a987bde9def05fbce) Importer(2089858483,192608db42251d675da83286b1cce702)
Start importing Assets/TextMesh Pro/Examples & Extras/Scripts/TMP_DigitValidator.cs using Guid(1a7eb92a01ed499a987bde9def05fbce) Importer(2089858483,192608db42251d675da83286b1cce702) (ScriptedImporter) -> (artifact id: 'cead6ec874ece8f5a4d5c3b295c6be31') in 0.0048176 seconds
Number of updated asset objects reloaded before import = 0Number of asset objects unloaded after import = 0

========================================================================
Received Import Request.
  Time since last request: 0.000022 seconds.
  path: Assets/Stomper Artwork/Audio/fx/hurt.wav
  artifactKey: Guid(3388f6aa980504427a8fdde39a29bda5) Importer(2089858483,192608db42251d675da83286b1cce702)
Start importing Assets/Stomper Artwork/Audio/fx/hurt.wav using Guid(3388f6aa980504427a8fdde39a29bda5) Importer(2089858483,192608db42251d675da83286b1cce702) (ScriptedImporter) -> (artifact id: 'fffff9b9f8c2b5e171a4b55a68fbded5') in 0.0469288 seconds
Number of updated asset objects reloaded before import = 0Number of asset objects unloaded after import = 1

========================================================================
Received Import Request.
  Time since last request: 0.135761 seconds.
  path: Assets/TextMesh Pro/Examples & Extras/Scripts/TMP_TextSelector_A.cs
  artifactKey: Guid(103e0a6a1d404693b9fb1a5173e0e979) Importer(2089858483,192608db42251d675da83286b1cce702)
Start importing Assets/TextMesh Pro/Examples & Extras/Scripts/TMP_TextSelector_A.cs using Guid(103e0a6a1d404693b9fb1a5173e0e979) Importer(2089858483,192608db42251d675da83286b1cce702) (ScriptedImporter) -> (artifact id: '33bc211969d5e82f5442e6321bfd3254') in 0.0059837 seconds
Number of updated asset objects reloaded before import = 0Number of asset objects unloaded after import = 0

========================================================================
Received Import Request.
  Time since last request: 0.000026 seconds.
  path: Assets/TextMesh Pro/Examples & Extras/Textures/Gradient Diagonal (Color).jpg
  artifactKey: Guid(2ce5c55e85304b819a1826ecbc839aa5) Importer(2089858483,192608db42251d675da83286b1cce702)
Start importing Assets/TextMesh Pro/Examples & Extras/Textures/Gradient Diagonal (Color).jpg using Guid(2ce5c55e85304b819a1826ecbc839aa5) Importer(2089858483,192608db42251d675da83286b1cce702) (ScriptedImporter) -> (artifact id: '0a7af475c9280e6bf4309bb80ecd298e') in 0.0235865 seconds
Number of updated asset objects reloaded before import = 0Number of asset objects unloaded after import = 1

========================================================================
Received Import Request.
  Time since last request: 0.000038 seconds.
  path: Assets/TextMesh Pro/Examples & Extras/Sprites/DropCap Numbers.psd
  artifactKey: Guid(fd09957580ac4326916010f1f260975b) Importer(2089858483,192608db42251d675da83286b1cce702)
Start importing Assets/TextMesh Pro/Examples & Extras/Sprites/DropCap Numbers.psd using Guid(fd09957580ac4326916010f1f260975b) Importer(2089858483,192608db42251d675da83286b1cce702) (ScriptedImporter) -> (artifact id: 'b48dc84a048347987b76a3a584c05ad9') in 0.1146826 seconds
Number of updated asset objects reloaded before import = 0Number of asset objects unloaded after import = 1

========================================================================
Received Import Request.
  Time since last request: 0.000022 seconds.
  path: Assets/TextMesh Pro/Examples & Extras/Scripts/TMP_TextSelector_B.cs
  artifactKey: Guid(a05dcd8be7ec4ccbb35c26219884aa37) Importer(2089858483,192608db42251d675da83286b1cce702)
Start importing Assets/TextMesh Pro/Examples & Extras/Scripts/TMP_TextSelector_B.cs using Guid(a05dcd8be7ec4ccbb35c26219884aa37) Importer(2089858483,192608db42251d675da83286b1cce702) (ScriptedImporter) -> (artifact id: '066585181baf7d4ed8c0c457ec8a62ed') in 0.0046608 seconds
Number of updated asset objects reloaded before import = 0Number of asset objects unloaded after import = 0

========================================================================
Received Import Request.
  Time since last request: 0.000024 seconds.
  path: Assets/TextMesh Pro/Resources/Fonts & Materials/LiberationSans SDF - Fallback.asset
  artifactKey: Guid(2e498d1c8094910479dc3e1b768306a4) Importer(2089858483,192608db42251d675da83286b1cce702)
Start importing Assets/TextMesh Pro/Resources/Fonts & Materials/LiberationSans SDF - Fallback.asset using Guid(2e498d1c8094910479dc3e1b768306a4) Importer(2089858483,192608db42251d675da83286b1cce702) (ScriptedImporter) -> (artifact id: 'a774d13af8bd3a74956082f721cbf483') in 0.022119 seconds
Number of updated asset objects reloaded before import = 0Number of asset objects unloaded after import = 5

========================================================================
Received Import Request.
  Time since last request: 0.000043 seconds.
  path: Assets/TextMesh Pro/Examples & Extras/Textures/Wipe Pattern - Diagonal.psd
  artifactKey: Guid(ed5290d8df18488780e2996b9b882f01) Importer(2089858483,192608db42251d675da83286b1cce702)
Start importing Assets/TextMesh Pro/Examples & Extras/Textures/Wipe Pattern - Diagonal.psd using Guid(ed5290d8df18488780e2996b9b882f01) Importer(2089858483,192608db42251d675da83286b1cce702) (ScriptedImporter) -> (artifact id: '09884957eeb2a9b57e66060f2cd03ca8') in 0.1218603 seconds
Number of updated asset objects reloaded before import = 0Number of asset objects unloaded after import = 1

========================================================================
Received Import Request.
  Time since last request: 0.000025 seconds.
  path: Assets/TextMesh Pro/Examples & Extras/Textures/Wipe Pattern - Radial Double.psd
  artifactKey: Guid(7631f4eff8f74ed38eb3eb9db17134e1) Importer(2089858483,192608db42251d675da83286b1cce702)
Start importing Assets/TextMesh Pro/Examples & Extras/Textures/Wipe Pattern - Radial Double.psd using Guid(7631f4eff8f74ed38eb3eb9db17134e1) Importer(2089858483,192608db42251d675da83286b1cce702) (ScriptedImporter) -> (artifact id: '242c8ab7607f93febffca43db6b369a6') in 0.0260195 seconds
Number of updated asset objects reloaded before import = 0Number of asset objects unloaded after import = 1

========================================================================
Received Import Request.
  Time since last request: 0.000033 seconds.
  path: Assets/TextMesh Pro/Resources/Style Sheets/Default Style Sheet.asset
  artifactKey: Guid(f952c082cb03451daed3ee968ac6c63e) Importer(2089858483,192608db42251d675da83286b1cce702)
Start importing Assets/TextMesh Pro/Resources/Style Sheets/Default Style Sheet.asset using Guid(f952c082cb03451daed3ee968ac6c63e) Importer(2089858483,192608db42251d675da83286b1cce702) (ScriptedImporter) -> (artifact id: '94a0fea4a5fee5dfddda26315edfdd64') in 0.0062728 seconds
Number of updated asset objects reloaded before import = 0Number of asset objects unloaded after import = 1

========================================================================
Received Import Request.
  Time since last request: 0.000020 seconds.
  path: Assets/Stomper Artwork/PixelArt/Misc/Door/active2.png
  artifactKey: Guid(dae24c7ff43684616b9d4f632739ace4) Importer(2089858483,192608db42251d675da83286b1cce702)
Start importing Assets/Stomper Artwork/PixelArt/Misc/Door/active2.png using Guid(dae24c7ff43684616b9d4f632739ace4) Importer(2089858483,192608db42251d675da83286b1cce702) (ScriptedImporter) -> (artifact id: 'e515c68054b81175145a1b3c4291f130') in 0.0784277 seconds
Number of updated asset objects reloaded before import = 0Number of asset objects unloaded after import = 3

========================================================================
Received Import Request.
  Time since last request: 0.000023 seconds.
  path: Assets/Stomper Artwork/PixelArt/Misc/Door/active4.png
  artifactKey: Guid(73a0ffe289fff40f2bc8c85b76ec004d) Importer(2089858483,192608db42251d675da83286b1cce702)
Start importing Assets/Stomper Artwork/PixelArt/Misc/Door/active4.png using Guid(73a0ffe289fff40f2bc8c85b76ec004d) Importer(2089858483,192608db42251d675da83286b1cce702) (ScriptedImporter) -> (artifact id: '82b7b25bb5cebda6d568e25aaec806db') in 0.0250547 seconds
Number of updated asset objects reloaded before import = 0Number of asset objects unloaded after import = 3

========================================================================
Received Import Request.
  Time since last request: 0.000026 seconds.
  path: Assets/Stomper Artwork/PixelArt/Misc/Door/active4 (1).controller
  artifactKey: Guid(98f4e1e55317c4542b5727f41945360d) Importer(2089858483,192608db42251d675da83286b1cce702)
Start importing Assets/Stomper Artwork/PixelArt/Misc/Door/active4 (1).controller using Guid(98f4e1e55317c4542b5727f41945360d) Importer(2089858483,192608db42251d675da83286b1cce702) (ScriptedImporter) -> (artifact id: '2e3d8462918fc7da42aa75f12801b19b') in 0.0081452 seconds
Number of updated asset objects reloaded before import = 0Number of asset objects unloaded after import = 4

========================================================================
Received Import Request.
  Time since last request: 0.102208 seconds.
  path: Assets/Stomper Artwork/PixelArt/Misc/Gem/gem-taken.png
  artifactKey: Guid(1e27483927872497e95efdeea3d0c15b) Importer(2089858483,192608db42251d675da83286b1cce702)
Start importing Assets/Stomper Artwork/PixelArt/Misc/Gem/gem-taken.png using Guid(1e27483927872497e95efdeea3d0c15b) Importer(2089858483,192608db42251d675da83286b1cce702) (ScriptedImporter) -> (artifact id: '73a4d95f5bcc655ed8ec347cdbe154c1') in 0.0133354 seconds
Number of updated asset objects reloaded before import = 0Number of asset objects unloaded after import = 3

========================================================================
Received Import Request.
  Time since last request: 0.000035 seconds.
  path: Assets/TextMesh Pro/Examples & Extras/Resources/Color Gradient Presets/Blue to Purple - Vertical.asset
  artifactKey: Guid(479a66fa4b094512a62b0a8e553ad95a) Importer(2089858483,192608db42251d675da83286b1cce702)
Start importing Assets/TextMesh Pro/Examples & Extras/Resources/Color Gradient Presets/Blue to Purple - Vertical.asset using Guid(479a66fa4b094512a62b0a8e553ad95a) Importer(2089858483,192608db42251d675da83286b1cce702) (ScriptedImporter) -> (artifact id: 'c831e99312c5ce96c89aa20b09095217') in 0.0073451 seconds
Number of updated asset objects reloaded before import = 0Number of asset objects unloaded after import = 1

========================================================================
Received Import Request.
  Time since last request: 0.000035 seconds.
  path: Assets/TextMesh Pro/Examples & Extras/Resources/Color Gradient Presets/Dark to Light Green - Vertical.asset
  artifactKey: Guid(4c86a3366cd840348ebe8dc438570ee4) Importer(2089858483,192608db42251d675da83286b1cce702)
Start importing Assets/TextMesh Pro/Examples & Extras/Resources/Color Gradient Presets/Dark to Light Green - Vertical.asset using Guid(4c86a3366cd840348ebe8dc438570ee4) Importer(2089858483,192608db42251d675da83286b1cce702) (ScriptedImporter) -> (artifact id: '3fe3bc0883150fdd8b74afc109370e24') in 0.019022 seconds
Number of updated asset objects reloaded before import = 0Number of asset objects unloaded after import = 1

========================================================================
Received Import Request.
  Time since last request: 0.000023 seconds.
  path: Assets/Stomper Artwork/PixelArt/Misc/Gem/gem1 (1).controller
  artifactKey: Guid(5d147bc723e2f40679fd21829960e69f) Importer(2089858483,192608db42251d675da83286b1cce702)
Start importing Assets/Stomper Artwork/PixelArt/Misc/Gem/gem1 (1).controller using Guid(5d147bc723e2f40679fd21829960e69f) Importer(2089858483,192608db42251d675da83286b1cce702) (ScriptedImporter) -> (artifact id: '204be95ea23f9ee99c50551d7d974251') in 0.1366562 seconds
Number of updated asset objects reloaded before import = 0Number of asset objects unloaded after import = 4

========================================================================
Received Import Request.
  Time since last request: 0.000025 seconds.
  path: Assets/Stomper Artwork/PixelArt/Misc/Shoot/shoot2.png
  artifactKey: Guid(d679fb3f289d54c8195275abb512bba4) Importer(2089858483,192608db42251d675da83286b1cce702)
Start importing Assets/Stomper Artwork/PixelArt/Misc/Shoot/shoot2.png using Guid(d679fb3f289d54c8195275abb512bba4) Importer(2089858483,192608db42251d675da83286b1cce702) (ScriptedImporter) -> (artifact id: '9cfddde12dc0040d299daf908fb8f019') in 0.0142218 seconds
Number of updated asset objects reloaded before import = 0Number of asset objects unloaded after import = 3

========================================================================
Received Import Request.
  Time since last request: 0.000027 seconds.
  path: Assets/TextMesh Pro/Examples & Extras/Resources/Fonts & Materials/Electronic Highway Sign SDF.asset
  artifactKey: Guid(dc36b3fdc14f47ebb36fd484a67e268a) Importer(2089858483,192608db42251d675da83286b1cce702)
Start importing Assets/TextMesh Pro/Examples & Extras/Resources/Fonts & Materials/Electronic Highway Sign SDF.asset using Guid(dc36b3fdc14f47ebb36fd484a67e268a) Importer(2089858483,192608db42251d675da83286b1cce702) (ScriptedImporter) -> (artifact id: 'ca7324954242c6529431dfb51221fe53') in 0.3059087 seconds
Number of updated asset objects reloaded before import = 0Number of asset objects unloaded after import = 5

========================================================================
Received Import Request.
  Time since last request: 0.000030 seconds.
  path: Assets/TextMesh Pro/Examples & Extras/Resources/Fonts & Materials/Anton SDF.asset
  artifactKey: Guid(8a89fa14b10d46a99122fd4f73fca9a2) Importer(2089858483,192608db42251d675da83286b1cce702)
Start importing Assets/TextMesh Pro/Examples & Extras/Resources/Fonts & Materials/Anton SDF.asset using Guid(8a89fa14b10d46a99122fd4f73fca9a2) Importer(2089858483,192608db42251d675da83286b1cce702) (ScriptedImporter) -> (artifact id: 'b151d17fb18c1066101da12835477d11') in 0.0136475 seconds
Number of updated asset objects reloaded before import = 0Number of asset objects unloaded after import = 5

========================================================================
Received Import Request.
  Time since last request: 0.000032 seconds.
  path: Assets/TextMesh Pro/Examples & Extras/Resources/Fonts & Materials/Roboto-Bold SDF - Drop Shadow.mat
  artifactKey: Guid(b246c4190f4e46ec9352fe15a7b09ce0) Importer(2089858483,192608db42251d675da83286b1cce702)
Start importing Assets/TextMesh Pro/Examples & Extras/Resources/Fonts & Materials/Roboto-Bold SDF - Drop Shadow.mat using Guid(b246c4190f4e46ec9352fe15a7b09ce0) Importer(2089858483,192608db42251d675da83286b1cce702) (ScriptedImporter) -> (artifact id: 'ffcf69edc30c310c1f9e5c3d84f3d1ff') in 0.5426498 seconds
Number of updated asset objects reloaded before import = 0Number of asset objects unloaded after import = 2

========================================================================
Received Import Request.
  Time since last request: 0.000026 seconds.
  path: Assets/TextMesh Pro/Examples & Extras/Resources/Fonts & Materials/Unity SDF - HDRP LIT - Outline.mat
  artifactKey: Guid(967f61bb1e3e28645a39e0cb647cc79e) Importer(2089858483,192608db42251d675da83286b1cce702)
Start importing Assets/TextMesh Pro/Examples & Extras/Resources/Fonts & Materials/Unity SDF - HDRP LIT - Outline.mat using Guid(967f61bb1e3e28645a39e0cb647cc79e) Importer(2089858483,192608db42251d675da83286b1cce702) (ScriptedImporter) -> (artifact id: 'b8030d090910f6cae21177abfff40f75') in 0.3939404 seconds
Number of updated asset objects reloaded before import = 0Number of asset objects unloaded after import = 3

========================================================================
Received Import Request.
  Time since last request: 0.000030 seconds.
  path: Assets/Stomper Artwork/PixelArt/Misc/Fx/jump-dust/Jump-dust1.png
  artifactKey: Guid(9467e58ccf09542449dcc8891ebc6e2b) Importer(2089858483,192608db42251d675da83286b1cce702)
Start importing Assets/Stomper Artwork/PixelArt/Misc/Fx/jump-dust/Jump-dust1.png using Guid(9467e58ccf09542449dcc8891ebc6e2b) Importer(2089858483,192608db42251d675da83286b1cce702) (ScriptedImporter) -> (artifact id: '4da79c81213ca7ee4b71829b7e76fa1e') in 0.3764605 seconds
Number of updated asset objects reloaded before import = 0Number of asset objects unloaded after import = 3

========================================================================
Received Import Request.
  Time since last request: 0.000023 seconds.
  path: Assets/Stomper Artwork/PixelArt/Misc/Fx/jump-dust/Jump-dust4.png
  artifactKey: Guid(c338f8daca5b54c48b30ac0f11f80582) Importer(2089858483,192608db42251d675da83286b1cce702)
Start importing Assets/Stomper Artwork/PixelArt/Misc/Fx/jump-dust/Jump-dust4.png using Guid(c338f8daca5b54c48b30ac0f11f80582) Importer(2089858483,192608db42251d675da83286b1cce702) (ScriptedImporter) -> (artifact id: 'db795701dbf7aa0cc7ca3b3d9f8c1dd8') in 0.0695809 seconds
Number of updated asset objects reloaded before import = 0Number of asset objects unloaded after import = 3

========================================================================
Received Import Request.
  Time since last request: 0.000032 seconds.
  path: Assets/Stomper Artwork/PixelArt/Walking Enemy/walking enemy stunt animation.anim
  artifactKey: Guid(18b4298417e8f42a6987de9be5d1d0d5) Importer(2089858483,192608db42251d675da83286b1cce702)
Start importing Assets/Stomper Artwork/PixelArt/Walking Enemy/walking enemy stunt animation.anim using Guid(18b4298417e8f42a6987de9be5d1d0d5) Importer(2089858483,192608db42251d675da83286b1cce702) (ScriptedImporter) -> (artifact id: '5c0063c935a560023c4bc99e6a9e00c2') in 0.0336935 seconds
Number of updated asset objects reloaded before import = 0Number of asset objects unloaded after import = 1

========================================================================
Received Import Request.
  Time since last request: 0.000020 seconds.
  path: Assets/Stomper Artwork/PixelArt/Misc/Fx/stomp-dust/Stomp Dust Animation.anim
  artifactKey: Guid(1948e9069af6a42199f445d8f00dc77e) Importer(2089858483,192608db42251d675da83286b1cce702)
Start importing Assets/Stomper Artwork/PixelArt/Misc/Fx/stomp-dust/Stomp Dust Animation.anim using Guid(1948e9069af6a42199f445d8f00dc77e) Importer(2089858483,192608db42251d675da83286b1cce702) (ScriptedImporter) -> (artifact id: 'fe47faa102557b3fad488190f330e4e3') in 0.0770122 seconds
Number of updated asset objects reloaded before import = 0Number of asset objects unloaded after import = 1

========================================================================
Received Import Request.
  Time since last request: 0.000028 seconds.
  path: Assets/Stomper Artwork/PixelArt/Misc/Fx/jump-dust/Jump-dust3.png
  artifactKey: Guid(aa58e6126e969499cb75e95778ea7723) Importer(2089858483,192608db42251d675da83286b1cce702)
Start importing Assets/Stomper Artwork/PixelArt/Misc/Fx/jump-dust/Jump-dust3.png using Guid(aa58e6126e969499cb75e95778ea7723) Importer(2089858483,192608db42251d675da83286b1cce702) (ScriptedImporter) -> (artifact id: '0557604a6d7dab799469f9e586599457') in 0.0227761 seconds
Number of updated asset objects reloaded before import = 0Number of asset objects unloaded after import = 3

========================================================================
Received Import Request.
  Time since last request: 0.000032 seconds.
  path: Assets/TextMesh Pro/Examples & Extras/Resources/Fonts & Materials/LiberationSans SDF - Metalic Green.mat
  artifactKey: Guid(8b29aaa3eec7468097ff07adfcf29ac9) Importer(2089858483,192608db42251d675da83286b1cce702)
Start importing Assets/TextMesh Pro/Examples & Extras/Resources/Fonts & Materials/LiberationSans SDF - Metalic Green.mat using Guid(8b29aaa3eec7468097ff07adfcf29ac9) Importer(2089858483,192608db42251d675da83286b1cce702) (ScriptedImporter) -> (artifact id: 'aeee5990c980696b3bcb500deaf9637d') in 0.1465269 seconds
Number of updated asset objects reloaded before import = 0Number of asset objects unloaded after import = 4

========================================================================
Received Import Request.
  Time since last request: 0.000022 seconds.
  path: Assets/Stomper Artwork/PixelArt/Misc/Fx/walk-dust/walk-dust1 (1).controller
  artifactKey: Guid(92f05fd28be344473973e44f49bd3970) Importer(2089858483,192608db42251d675da83286b1cce702)
Start importing Assets/Stomper Artwork/PixelArt/Misc/Fx/walk-dust/walk-dust1 (1).controller using Guid(92f05fd28be344473973e44f49bd3970) Importer(2089858483,192608db42251d675da83286b1cce702) (ScriptedImporter) -> (artifact id: '297e9072fb151871c24ad2a167b6116e') in 0.0442381 seconds
Number of updated asset objects reloaded before import = 0Number of asset objects unloaded after import = 4

========================================================================
Received Import Request.
  Time since last request: 0.000029 seconds.
  path: Assets/Stomper Artwork/PixelArt/Misc/Fx/walk-dust/walk-dust3.png
  artifactKey: Guid(aa9fd51ddc0544a6bb8917ee1b7e9e78) Importer(2089858483,192608db42251d675da83286b1cce702)
Start importing Assets/Stomper Artwork/PixelArt/Misc/Fx/walk-dust/walk-dust3.png using Guid(aa9fd51ddc0544a6bb8917ee1b7e9e78) Importer(2089858483,192608db42251d675da83286b1cce702) (ScriptedImporter) -> (artifact id: '5c991e479e144d1d7b7b62531b822e34') in 0.036413 seconds
Number of updated asset objects reloaded before import = 0Number of asset objects unloaded after import = 3

========================================================================
Received Import Request.
  Time since last request: 0.000031 seconds.
  path: Assets/Stomper Artwork/PixelArt/Misc/Fx/stomp-dust/stomp-dust2.png
  artifactKey: Guid(c8ef5ddd797f543e39d9d4d3f821b1ed) Importer(2089858483,192608db42251d675da83286b1cce702)
Start importing Assets/Stomper Artwork/PixelArt/Misc/Fx/stomp-dust/stomp-dust2.png using Guid(c8ef5ddd797f543e39d9d4d3f821b1ed) Importer(2089858483,192608db42251d675da83286b1cce702) (ScriptedImporter) -> (artifact id: 'bc35ee8758c7c366b9b61707a61e558c') in 0.0260357 seconds
Number of updated asset objects reloaded before import = 0Number of asset objects unloaded after import = 3

========================================================================
Received Import Request.
  Time since last request: 0.000030 seconds.
  path: Assets/Stomper Artwork/PixelArt/Walking Enemy/walk1.png
  artifactKey: Guid(46f589260df374ebf86d73ab0c0b11b9) Importer(2089858483,192608db42251d675da83286b1cce702)
Start importing Assets/Stomper Artwork/PixelArt/Walking Enemy/walk1.png using Guid(46f589260df374ebf86d73ab0c0b11b9) Importer(2089858483,192608db42251d675da83286b1cce702) (ScriptedImporter) -> (artifact id: '1e98d008160952825993ab91cb609049') in 0.0107759 seconds
Number of updated asset objects reloaded before import = 0Number of asset objects unloaded after import = 3

========================================================================
Received Import Request.
  Time since last request: 0.000023 seconds.
  path: Assets/TextMesh Pro/Examples & Extras/Resources/Fonts & Materials/Anton SDF - Sunny Days.mat
  artifactKey: Guid(6522f30e342599e4e9dd4cc2cc03c830) Importer(2089858483,192608db42251d675da83286b1cce702)
Start importing Assets/TextMesh Pro/Examples & Extras/Resources/Fonts & Materials/Anton SDF - Sunny Days.mat using Guid(6522f30e342599e4e9dd4cc2cc03c830) Importer(2089858483,192608db42251d675da83286b1cce702) (ScriptedImporter) -> (artifact id: '2bf80d32b591bfd74a387e58f94e309b') in 0.0417953 seconds
Number of updated asset objects reloaded before import = 0Number of asset objects unloaded after import = 4

========================================================================
Received Import Request.
  Time since last request: 0.000032 seconds.
  path: Assets/Sprites/environment/layers/tileset_23.asset
  artifactKey: Guid(2f4aff8084a1f844681b79e0e37ff3e2) Importer(2089858483,192608db42251d675da83286b1cce702)
Start importing Assets/Sprites/environment/layers/tileset_23.asset using Guid(2f4aff8084a1f844681b79e0e37ff3e2) Importer(2089858483,192608db42251d675da83286b1cce702) (ScriptedImporter) -> (artifact id: 'def03ecbfcf6154dd552e872e46ac7fb') in 0.0273973 seconds
Number of updated asset objects reloaded before import = 0Number of asset objects unloaded after import = 2

========================================================================
Received Import Request.
  Time since last request: 0.000036 seconds.
  path: Assets/Sprites/environment/layers/tileset_3.asset
  artifactKey: Guid(f14a36d414c3e3e41aee95f2d78489a1) Importer(2089858483,192608db42251d675da83286b1cce702)
Start importing Assets/Sprites/environment/layers/tileset_3.asset using Guid(f14a36d414c3e3e41aee95f2d78489a1) Importer(2089858483,192608db42251d675da83286b1cce702) (ScriptedImporter) -> (artifact id: '1fe8d3c759c648cb23dd828bd62b1591') in 0.0348876 seconds
Number of updated asset objects reloaded before import = 0Number of asset objects unloaded after import = 2

========================================================================
Received Import Request.
  Time since last request: 0.000027 seconds.
  path: Assets/Sprites/environment/Shooting head/shooting-head.png
  artifactKey: Guid(050a3a2a4f3ed4e8e862f31ae1112f18) Importer(2089858483,192608db42251d675da83286b1cce702)
Start importing Assets/Sprites/environment/Shooting head/shooting-head.png using Guid(050a3a2a4f3ed4e8e862f31ae1112f18) Importer(2089858483,192608db42251d675da83286b1cce702) (ScriptedImporter) -> (artifact id: '09d09e5331bcea09936b04e20cb71a51') in 0.0145021 seconds
Number of updated asset objects reloaded before import = 0Number of asset objects unloaded after import = 3

========================================================================
Received Import Request.
  Time since last request: 0.000024 seconds.
  path: Assets/Sprites/environment/layers/Background Palette.prefab
  artifactKey: Guid(7fea4b71e1537ee418e0d776d7148e7f) Importer(2089858483,192608db42251d675da83286b1cce702)
Start importing Assets/Sprites/environment/layers/Background Palette.prefab using Guid(7fea4b71e1537ee418e0d776d7148e7f) Importer(2089858483,192608db42251d675da83286b1cce702) (ScriptedImporter) -> (artifact id: 'cb98293d6de013d16a2d16f67a0aa12a') in 0.066294 seconds
Number of updated asset objects reloaded before import = 0Number of asset objects unloaded after import = 10

========================================================================
Received Import Request.
  Time since last request: 0.000030 seconds.
  path: Assets/Settings/UniversalRenderPipelineGlobalSettings.asset
  artifactKey: Guid(93b439a37f63240aca3dd4e01d978a9f) Importer(2089858483,192608db42251d675da83286b1cce702)
Start importing Assets/Settings/UniversalRenderPipelineGlobalSettings.asset using Guid(93b439a37f63240aca3dd4e01d978a9f) Importer(2089858483,192608db42251d675da83286b1cce702) (ScriptedImporter) -> (artifact id: 'd383080228cf1977f987e925318c5a57') in 0.05833 seconds
Number of updated asset objects reloaded before import = 0Number of asset objects unloaded after import = 0

========================================================================
Received Import Request.
  Time since last request: 0.000033 seconds.
  path: Assets/TextMesh Pro/Shaders/TMP_SDF-HDRP UNLIT.shadergraph
  artifactKey: Guid(f63d574838ccfb44f84acc05fed0af48) Importer(2089858483,192608db42251d675da83286b1cce702)
Start importing Assets/TextMesh Pro/Shaders/TMP_SDF-HDRP UNLIT.shadergraph using Guid(f63d574838ccfb44f84acc05fed0af48) Importer(2089858483,192608db42251d675da83286b1cce702) (ScriptedImporter) -> (artifact id: '9389d820ee24b875afcb440ea95ddcfe') in 0.0108422 seconds
Number of updated asset objects reloaded before import = 0Number of asset objects unloaded after import = 3

========================================================================
Received Import Request.
  Time since last request: 0.000022 seconds.
  path: Assets/Sprites/environment/layers/tileset_8.asset
  artifactKey: Guid(584ad49e65e9bff4682b73c5fe1f71c6) Importer(2089858483,192608db42251d675da83286b1cce702)
Start importing Assets/Sprites/environment/layers/tileset_8.asset using Guid(584ad49e65e9bff4682b73c5fe1f71c6) Importer(2089858483,192608db42251d675da83286b1cce702) (ScriptedImporter) -> (artifact id: 'fb5f78ef711fd3c9ea2b5ee4a41c2a80') in 0.0410485 seconds
Number of updated asset objects reloaded before import = 0Number of asset objects unloaded after import = 2

========================================================================
Received Import Request.
  Time since last request: 0.000027 seconds.
  path: Assets/Sprites/environment/Back animated/back-animated3.png
  artifactKey: Guid(7b8fc1fe2873a48cfb18db6093c125ac) Importer(2089858483,192608db42251d675da83286b1cce702)
Start importing Assets/Sprites/environment/Back animated/back-animated3.png using Guid(7b8fc1fe2873a48cfb18db6093c125ac) Importer(2089858483,192608db42251d675da83286b1cce702) (ScriptedImporter) -> (artifact id: '4beb7474324d7c3f6d5167dd20e81747') in 0.3737191 seconds
Number of updated asset objects reloaded before import = 0Number of asset objects unloaded after import = 3

========================================================================
Received Import Request.
  Time since last request: 0.000037 seconds.
  path: Assets/Thaleah_PixelFont/Materials/ThaleahFat.png
  artifactKey: Guid(0ac691dd25a276d468ee89cf1948229d) Importer(2089858483,192608db42251d675da83286b1cce702)
Start importing Assets/Thaleah_PixelFont/Materials/ThaleahFat.png using Guid(0ac691dd25a276d468ee89cf1948229d) Importer(2089858483,192608db42251d675da83286b1cce702) (ScriptedImporter) -> (artifact id: 'e0511c634bc8fbc0cb8fb7648fddfbee') in 0.0088779 seconds
Number of updated asset objects reloaded before import = 0Number of asset objects unloaded after import = 1

========================================================================
Received Import Request.
  Time since last request: 0.000023 seconds.
  path: Assets/Sprites/environment/layers/tileset.png
  artifactKey: Guid(e18eac11ce6cd4262a5c373ec2656d80) Importer(2089858483,192608db42251d675da83286b1cce702)
Start importing Assets/Sprites/environment/layers/tileset.png using Guid(e18eac11ce6cd4262a5c373ec2656d80) Importer(2089858483,192608db42251d675da83286b1cce702) (ScriptedImporter) -> (artifact id: '18d9b3012ec9e4b4f85da149a024bd1c') in 0.0555319 seconds
Number of updated asset objects reloaded before import = 0Number of asset objects unloaded after import = 28

========================================================================
Received Import Request.
  Time since last request: 0.000022 seconds.
  path: Assets/Sprites/environment/Back animated/back-animated2.png
  artifactKey: Guid(658ad0f09bbb147f9a23271d119d91b3) Importer(2089858483,192608db42251d675da83286b1cce702)
Start importing Assets/Sprites/environment/Back animated/back-animated2.png using Guid(658ad0f09bbb147f9a23271d119d91b3) Importer(2089858483,192608db42251d675da83286b1cce702) (ScriptedImporter) -> (artifact id: '97d0f8b2345b3f6dc3874494b5c544fe') in 0.055639 seconds
Number of updated asset objects reloaded before import = 0Number of asset objects unloaded after import = 3

========================================================================
Received Import Request.
  Time since last request: 0.000024 seconds.
  path: Assets/Sprites/environment/layers/tileset_7.asset
  artifactKey: Guid(c8480438c7fa02a4988bfed4143ec3dd) Importer(2089858483,192608db42251d675da83286b1cce702)
Start importing Assets/Sprites/environment/layers/tileset_7.asset using Guid(c8480438c7fa02a4988bfed4143ec3dd) Importer(2089858483,192608db42251d675da83286b1cce702) (ScriptedImporter) -> (artifact id: '6a7e05c9c38abe2a621c0844a017dd28') in 0.0238862 seconds
Number of updated asset objects reloaded before import = 0Number of asset objects unloaded after import = 2

========================================================================
Received Import Request.
  Time since last request: 0.000031 seconds.
  path: Assets/TextMesh Pro/Examples & Extras/Scenes/07 - Superscript & Subscript Example.unity
  artifactKey: Guid(03ec435d4b7140e9b2d87f79136d8374) Importer(2089858483,192608db42251d675da83286b1cce702)
Start importing Assets/TextMesh Pro/Examples & Extras/Scenes/07 - Superscript & Subscript Example.unity using Guid(03ec435d4b7140e9b2d87f79136d8374) Importer(2089858483,192608db42251d675da83286b1cce702) (ScriptedImporter) -> (artifact id: 'a1bca5583ed3729da8cdd330bc40ac01') in 0.0741032 seconds
Number of updated asset objects reloaded before import = 0Number of asset objects unloaded after import = 1

========================================================================
Received Import Request.
  Time since last request: 0.000024 seconds.
  path: Assets/Sprites/Player/Duck/duck.png
  artifactKey: Guid(8a0f0900b95e9479890a601100f939d5) Importer(2089858483,192608db42251d675da83286b1cce702)
Start importing Assets/Sprites/Player/Duck/duck.png using Guid(8a0f0900b95e9479890a601100f939d5) Importer(2089858483,192608db42251d675da83286b1cce702) (ScriptedImporter) -> (artifact id: '7c4cc14673bb40f9f4b3b61a4aeb182d') in 0.0107027 seconds
Number of updated asset objects reloaded before import = 0Number of asset objects unloaded after import = 3

========================================================================
Received Import Request.
  Time since last request: 0.000024 seconds.
  path: Assets/TextMesh Pro/Examples & Extras/Scenes/14 - Multi Font & Sprites.unity
  artifactKey: Guid(22a2fba786ad4c40ac0ba09f0b933100) Importer(2089858483,192608db42251d675da83286b1cce702)
Start importing Assets/TextMesh Pro/Examples & Extras/Scenes/14 - Multi Font & Sprites.unity using Guid(22a2fba786ad4c40ac0ba09f0b933100) Importer(2089858483,192608db42251d675da83286b1cce702) (ScriptedImporter) -> (artifact id: 'bf8bed6a44e5483be9666b75a787fb07') in 0.0404905 seconds
Number of updated asset objects reloaded before import = 0Number of asset objects unloaded after import = 1

========================================================================
Received Import Request.
  Time since last request: 0.000038 seconds.
  path: Assets/Sprites/environment/zaphire/zaphire4.png
  artifactKey: Guid(40e04951e22d9402d9622cd21b8185f3) Importer(2089858483,192608db42251d675da83286b1cce702)
Start importing Assets/Sprites/environment/zaphire/zaphire4.png using Guid(40e04951e22d9402d9622cd21b8185f3) Importer(2089858483,192608db42251d675da83286b1cce702) (ScriptedImporter) -> (artifact id: '9feaecbe30adaa4daf25ed916f43a961') in 0.0321953 seconds
Number of updated asset objects reloaded before import = 0Number of asset objects unloaded after import = 3

========================================================================
Received Import Request.
  Time since last request: 0.000030 seconds.
  path: Assets/TextMesh Pro/Shaders/TMP_SDF-Mobile Masking.shader
  artifactKey: Guid(bc1ede39bf3643ee8e493720e4259791) Importer(2089858483,192608db42251d675da83286b1cce702)
Start importing Assets/TextMesh Pro/Shaders/TMP_SDF-Mobile Masking.shader using Guid(bc1ede39bf3643ee8e493720e4259791) Importer(2089858483,192608db42251d675da83286b1cce702) (ScriptedImporter) -> (artifact id: '69acb1070a5e3bd7f16ff3a975b92f9e') in 0.0054332 seconds
Number of updated asset objects reloaded before import = 0Number of asset objects unloaded after import = 1

========================================================================
Received Import Request.
  Time since last request: 0.000024 seconds.
  path: Assets/Sprites/environment/layers/tileset_15.asset
  artifactKey: Guid(d4159e5bc6cc3984f9f30af335017dd3) Importer(2089858483,192608db42251d675da83286b1cce702)
Start importing Assets/Sprites/environment/layers/tileset_15.asset using Guid(d4159e5bc6cc3984f9f30af335017dd3) Importer(2089858483,192608db42251d675da83286b1cce702) (ScriptedImporter) -> (artifact id: 'bf6b551642c61fcf9caca8765ac0e4a3') in 0.0112696 seconds
Number of updated asset objects reloaded before import = 0Number of asset objects unloaded after import = 2

========================================================================
Received Import Request.
  Time since last request: 0.000024 seconds.
  path: Assets/Sprites/environment/layers/tileset_5.asset
  artifactKey: Guid(40d1c26065b54614d94cff9563ba6bc5) Importer(2089858483,192608db42251d675da83286b1cce702)
Start importing Assets/Sprites/environment/layers/tileset_5.asset using Guid(40d1c26065b54614d94cff9563ba6bc5) Importer(2089858483,192608db42251d675da83286b1cce702) (ScriptedImporter) -> (artifact id: 'e11207aa139387de93a14e75832381af') in 0.222222 seconds
Number of updated asset objects reloaded before import = 0Number of asset objects unloaded after import = 2

========================================================================
Received Import Request.
  Time since last request: 0.000026 seconds.
  path: Assets/TextMesh Pro/Examples & Extras/Scenes/23 - Animating Vertex Attributes.unity
  artifactKey: Guid(54e994244b4b467e8583cf2da6dcc716) Importer(2089858483,192608db42251d675da83286b1cce702)
Start importing Assets/TextMesh Pro/Examples & Extras/Scenes/23 - Animating Vertex Attributes.unity using Guid(54e994244b4b467e8583cf2da6dcc716) Importer(2089858483,192608db42251d675da83286b1cce702) (ScriptedImporter) -> (artifact id: 'c4c670da731338628d1a5619cf723bd5') in 0.2041001 seconds
Number of updated asset objects reloaded before import = 0Number of asset objects unloaded after import = 1

Editor requested this worker to shutdown with reason: Scaling down because of idle timeout
AssetImportWorker is now disconnected from the server
Process exiting
Exiting without the bug reporter. Application will terminate with return code 0